<?xml version="1.0" encoding="UTF-8"?>
<!-- Generated by org.testng.reporters.JUnitReportReporter -->
<testsuite hostname="Laxmaiah-PC" failures="0" tests="1" name="com.rmgyantra.CRUDoperation.RestAssuredPutTest" time="6.649" errors="0" timestamp="2022-05-18T09:24:11 IST" skipped="0">
  <testcase classname="com.rmgyantra.CRUDoperation.RestAssuredPutTest" name="restAssuredPutTest" time="6.649"/>
  <system-out/>
</testsuite> <!-- com.rmgyantra.CRUDoperation.RestAssuredPutTest -->
