<?xml version="1.0" encoding="UTF-8"?>
<!-- Generated by org.testng.reporters.JUnitReportReporter -->
<testsuite hostname="Laxmaiah-PC" failures="0" tests="1" name="com.rmgyantra.Validation.StaticResponseTest" time="15.149" errors="0" timestamp="2022-05-18T15:37:27 IST" skipped="0">
  <testcase classname="com.rmgyantra.Validation.StaticResponseTest" name="dynamicResponse" time="15.149"/>
  <system-out/>
</testsuite> <!-- com.rmgyantra.Validation.StaticResponseTest -->
