<?xml version="1.0" encoding="UTF-8"?>
<!-- Generated by org.testng.reporters.JUnitReportReporter -->
<testsuite hostname="Laxmaiah-PC" failures="0" tests="1" name="com.rmgyantra.Authentication.BarerToken" time="6.893" errors="0" timestamp="2022-05-19T11:53:24 IST" skipped="0">
  <testcase classname="com.rmgyantra.Authentication.BarerToken" name="barerToken" time="6.893"/>
  <system-out/>
</testsuite> <!-- com.rmgyantra.Authentication.BarerToken -->
