<?xml version="1.0" encoding="UTF-8"?>
<!-- Generated by org.testng.reporters.JUnitReportReporter -->
<testsuite hostname="Laxmaiah-PC" failures="0" tests="1" name="com.rmgyantra.CRUDoperation.RestAssuredGetTest" time="6.455" errors="0" timestamp="2022-05-17T17:28:44 IST" skipped="0">
  <testcase classname="com.rmgyantra.CRUDoperation.RestAssuredGetTest" name="restAssuredGetTest" time="6.455"/>
  <system-out/>
</testsuite> <!-- com.rmgyantra.CRUDoperation.RestAssuredGetTest -->
