<?xml version="1.0" encoding="UTF-8"?>
<!-- Generated by org.testng.reporters.JUnitReportReporter -->
<testsuite hostname="Laxmaiah-PC" failures="0" tests="2" name="com.rmgyantra.CRUDoperationWithBDD.CreatingProjectWithDataProvider" time="10.567" errors="0" timestamp="2022-05-18T13:16:45 IST" skipped="0">
  <testcase classname="com.rmgyantra.CRUDoperationWithBDD.CreatingProjectWithDataProvider" name="creatingProjectWithDataProvider" time="0.266"/>
  <system-out/>
  <testcase classname="com.rmgyantra.CRUDoperationWithBDD.CreatingProjectWithDataProvider" name="creatingProjectWithDataProvider" time="10.301"/>
  <system-out/>
</testsuite> <!-- com.rmgyantra.CRUDoperationWithBDD.CreatingProjectWithDataProvider -->
