<?xml version="1.0" encoding="UTF-8"?>
<!-- Generated by org.testng.reporters.JUnitReportReporter -->
<testsuite hostname="Laxmaiah-PC" failures="0" tests="1" name="com.rmgyantra.Authentication.BasicAuthTest" time="5.266" errors="0" timestamp="2022-05-19T11:43:07 IST" skipped="0">
  <testcase classname="com.rmgyantra.Authentication.BasicAuthTest" name="digest" time="5.266"/>
  <system-out/>
</testsuite> <!-- com.rmgyantra.Authentication.BasicAuthTest -->
