<?xml version="1.0" encoding="UTF-8"?>
<!-- Generated by org.testng.reporters.JUnitReportReporter -->
<testsuite hostname="Laxmaiah-PC" failures="0" tests="1" name="com.rmgyantra.CRUDoperationWithBDD.CreatingPostReqByDiffWays" time="10.446" errors="0" timestamp="2022-05-18T12:47:14 IST" skipped="0">
  <testcase classname="com.rmgyantra.CRUDoperationWithBDD.CreatingPostReqByDiffWays" name="CreatingProjectWithPOJOClass" time="10.446"/>
  <system-out/>
</testsuite> <!-- com.rmgyantra.CRUDoperationWithBDD.CreatingPostReqByDiffWays -->
