<?xml version="1.0" encoding="UTF-8"?>
<!-- Generated by org.testng.reporters.JUnitReportReporter -->
<testsuite hostname="Laxmaiah-PC" failures="0" tests="1" name="com.rmgyantra.EndToEndScenario.EndToEndScenario" time="7.741" errors="0" timestamp="2022-05-20T15:33:20 IST" skipped="0">
  <testcase classname="com.rmgyantra.EndToEndScenario.EndToEndScenario" name="endToEndScenario" time="7.741"/>
  <system-out/>
</testsuite> <!-- com.rmgyantra.EndToEndScenario.EndToEndScenario -->
