<?xml version="1.0" encoding="UTF-8"?>
<!-- Generated by org.testng.reporters.JUnitReportReporter -->
<testsuite hostname="Laxmaiah-PC" failures="0" tests="1" name="com.rmgyantra.CRUDoperation.RestAssuredDeleteTest" time="5.651" errors="0" timestamp="2022-05-17T17:37:31 IST" skipped="0">
  <testcase classname="com.rmgyantra.CRUDoperation.RestAssuredDeleteTest" name="restAssuredDeleteTest" time="5.651"/>
  <system-out/>
</testsuite> <!-- com.rmgyantra.CRUDoperation.RestAssuredDeleteTest -->
