<?xml version="1.0" encoding="UTF-8"?>
<!-- Generated by org.testng.reporters.JUnitReportReporter -->
<testsuite hostname="Laxmaiah-PC" failures="0" tests="1" name="com.rmgyantra.CRUDoperationWithBDD.GettingProjectTest" time="8.719" errors="0" timestamp="2022-05-18T11:47:39 IST" skipped="0">
  <testcase classname="com.rmgyantra.CRUDoperationWithBDD.GettingProjectTest" name="deleteProject" time="8.719"/>
  <system-out/>
</testsuite> <!-- com.rmgyantra.CRUDoperationWithBDD.GettingProjectTest -->
