<?xml version="1.0" encoding="UTF-8"?>
<!-- Generated by org.testng.reporters.JUnitReportReporter -->
<testsuite hostname="Laxmaiah-PC" failures="0" tests="1" name="com.rmgyantra.Validation.ResponseTimeValidationTest" time="13.406" errors="0" timestamp="2022-05-18T16:06:10 IST" skipped="0">
  <testcase classname="com.rmgyantra.Validation.ResponseTimeValidationTest" name="responseTimeValidationTest" time="13.406"/>
  <system-out/>
</testsuite> <!-- com.rmgyantra.Validation.ResponseTimeValidationTest -->
