<?xml version="1.0" encoding="UTF-8"?>
<!-- Generated by org.testng.reporters.JUnitReportReporter -->
<testsuite hostname="Laxmaiah-PC" failures="0" tests="1" name="com.rmgyantra.Authentication.OAuth2Test" time="8.899" errors="0" timestamp="2022-05-19T12:40:41 IST" skipped="0">
  <testcase classname="com.rmgyantra.Authentication.OAuth2Test" name="oAuth" time="8.899"/>
  <system-out/>
</testsuite> <!-- com.rmgyantra.Authentication.OAuth2Test -->
