<?xml version="1.0" encoding="UTF-8"?>
<!-- Generated by org.testng.reporters.JUnitReportReporter -->
<testsuite hostname="Laxmaiah-PC" failures="0" tests="1" name="com.rmgyantra.CRUDoperation.RestAssuredPatchTest" time="6.921" errors="0" timestamp="2022-05-18T09:33:04 IST" skipped="0">
  <testcase classname="com.rmgyantra.CRUDoperation.RestAssuredPatchTest" name="restAssuredPatchTest" time="6.921"/>
  <system-out/>
</testsuite> <!-- com.rmgyantra.CRUDoperation.RestAssuredPatchTest -->
