<?xml version="1.0" encoding="UTF-8"?>
<!-- Generated by org.testng.reporters.JUnitReportReporter -->
<testsuite hostname="Laxmaiah-PC" failures="0" tests="1" name="com.rmgyantra.Parameters.PathParameterTest" time="14.215" errors="0" timestamp="2022-05-18T17:57:43 IST" skipped="0">
  <testcase classname="com.rmgyantra.Parameters.PathParameterTest" name="postProject" time="14.215"/>
  <system-out/>
</testsuite> <!-- com.rmgyantra.Parameters.PathParameterTest -->
