<?xml version="1.0" encoding="UTF-8"?>
<!-- Generated by org.testng.reporters.JUnitReportReporter -->
<testsuite hostname="Laxmaiah-PC" failures="0" tests="1" name="com.rmgyantra.CRUDoperation.RestAssuredPostTest" time="6.324" errors="0" timestamp="2022-05-17T18:10:12 IST" skipped="0">
  <testcase classname="com.rmgyantra.CRUDoperation.RestAssuredPostTest" name="restAssuredPostTest" time="6.324"/>
  <system-out/>
</testsuite> <!-- com.rmgyantra.CRUDoperation.RestAssuredPostTest -->
