<?xml version="1.0" encoding="UTF-8"?>
<!-- Generated by org.testng.reporters.JUnitReportReporter -->
<testsuite hostname="Laxmaiah-PC" failures="0" tests="1" name="com.rmgyantra.CRUDoperationWithoouBDD.RestAssuredGetTest" time="8.987" errors="0" timestamp="2022-05-18T15:22:45 IST" skipped="0">
  <testcase classname="com.rmgyantra.CRUDoperationWithoouBDD.RestAssuredGetTest" name="restAssuredGetTest" time="8.987"/>
  <system-out/>
</testsuite> <!-- com.rmgyantra.CRUDoperationWithoouBDD.RestAssuredGetTest -->
